{"level":"info","ts":1768270780.3737752,"caller":"cmd/root.go:92","msg":"Initialized configuration."}
{"level":"info","ts":1768270985.914065,"caller":"cmd/root.go:92","msg":"Initialized configuration."}
{"level":"info","ts":1768271150.6852727,"caller":"cmd/root.go:92","msg":"Initialized configuration."}
{"level":"info","ts":1768271172.2507322,"caller":"cmd/root.go:92","msg":"Initialized configuration."}
{"level":"info","ts":1768271212.2746806,"caller":"cmd/root.go:92","msg":"Initialized configuration."}
{"level":"info","ts":1768271256.53498,"caller":"cmd/root.go:92","msg":"Initialized configuration."}
{"level":"info","ts":1768271267.6125302,"caller":"cmd/root.go:92","msg":"Initialized configuration."}
{"level":"info","ts":1768271298.111856,"caller":"cmd/root.go:92","msg":"Initialized configuration."}
{"level":"info","ts":1768271322.5656462,"caller":"cmd/root.go:92","msg":"Initialized configuration."}
{"level":"info","ts":1768271355.850205,"caller":"cmd/root.go:92","msg":"Initialized configuration."}
{"level":"info","ts":1768271389.7673492,"caller":"cmd/root.go:92","msg":"Initialized configuration."}
{"level":"info","ts":1768271432.2878144,"caller":"cmd/root.go:92","msg":"Initialized configuration."}
{"level":"info","ts":1768271465.8968742,"caller":"cmd/root.go:92","msg":"Initialized configuration."}
{"level":"info","ts":1768271501.5094204,"caller":"cmd/root.go:92","msg":"Initialized configuration."}
{"level":"info","ts":1768271511.7189388,"caller":"ui/menu.go:621","msg":"Playing selected video in MPV.","video_url":"https://www.youtube.com/watch?v=vvmc9EH6G0M"}
{"level":"info","ts":1768271516.4308434,"caller":"history/history.go:66","msg":"Created new empty history file.","filename":"/home/tagilla/.config/ytui/watched_history.json"}
{"level":"info","ts":1768271516.4309928,"caller":"history/history.go:42","msg":"Successfully saved history data.","filename":"/home/tagilla/.config/ytui/watched_history.json","item_count":1}
{"level":"info","ts":1768271692.6622381,"caller":"cmd/root.go:92","msg":"Initialized configuration."}
{"level":"info","ts":1768272506.8136172,"caller":"cmd/root.go:92","msg":"Initialized configuration."}
{"level":"info","ts":1768272563.4763024,"caller":"cmd/root.go:92","msg":"Initialized configuration."}
{"level":"info","ts":1768272590.304115,"caller":"ui/menu.go:621","msg":"Playing selected video in MPV.","video_url":"https://www.youtube.com/watch?v=gUg_gFFmXyA"}
{"level":"info","ts":1768272597.4920805,"caller":"history/history.go:86","msg":"Successfully retrieved and processed watched videos.","count":1}
{"level":"info","ts":1768272597.4923453,"caller":"history/history.go:42","msg":"Successfully saved history data.","filename":"/home/tagilla/.config/ytui/watched_history.json","item_count":2}
{"level":"info","ts":1768272610.2423635,"caller":"cmd/root.go:92","msg":"Initialized configuration."}
{"level":"info","ts":1768272612.6555808,"caller":"history/history.go:86","msg":"Successfully retrieved and processed watched videos.","count":2}
{"level":"info","ts":1768272621.757932,"caller":"ui/menu.go:621","msg":"Playing selected video in MPV.","video_url":"https://www.youtube.com/watch?v=gUg_gFFmXyA"}
{"level":"info","ts":1768272630.796239,"caller":"history/history.go:86","msg":"Successfully retrieved and processed watched videos.","count":2}
{"level":"info","ts":1768272630.7964182,"caller":"history/history.go:42","msg":"Successfully saved history data.","filename":"/home/tagilla/.config/ytui/watched_history.json","item_count":3}
{"level":"info","ts":1768272635.6228912,"caller":"cmd/root.go:92","msg":"Initialized configuration."}
{"level":"info","ts":1768272668.0113158,"caller":"ui/menu.go:621","msg":"Playing selected video in MPV.","video_url":"https://www.youtube.com/watch?v=U3NoDEu7kpg"}
{"level":"info","ts":1768272712.5622654,"caller":"history/history.go:86","msg":"Successfully retrieved and processed watched videos.","count":3}
{"level":"info","ts":1768272712.5624986,"caller":"history/history.go:42","msg":"Successfully saved history data.","filename":"/home/tagilla/.config/ytui/watched_history.json","item_count":4}
{"level":"info","ts":1768272744.207958,"caller":"cmd/root.go:92","msg":"Initialized configuration."}
{"level":"info","ts":1768272828.6021986,"caller":"ui/menu.go:621","msg":"Playing selected video in MPV.","video_url":"https://www.youtube.com/watch?v=Hlt2TUzWiMY"}
{"level":"info","ts":1768272839.3748224,"caller":"history/history.go:86","msg":"Successfully retrieved and processed watched videos.","count":4}
{"level":"info","ts":1768272839.3751237,"caller":"history/history.go:42","msg":"Successfully saved history data.","filename":"/home/tagilla/.config/ytui/watched_history.json","item_count":5}
{"level":"info","ts":1768272843.7989705,"caller":"ui/menu.go:861","msg":"Downloading selected video with yt-dlp.","video_url":"https://www.youtube.com/watch?v=Hlt2TUzWiMY"}
{"level":"error","ts":1768272845.7254293,"caller":"download/yt-dlp.go:36","msg":"Failed to start yt-dlp.","error":"exit status 1","stacktrace":"github.com/Banh-Canh/ytui/internal/download.RunYTDLP\n\t/home/runner/work/ytui/ytui/internal/download/yt-dlp.go:36"}
{"level":"info","ts":1768272854.7718089,"caller":"ui/menu.go:861","msg":"Downloading selected video with yt-dlp.","video_url":"https://www.youtube.com/watch?v=Hlt2TUzWiMY"}
{"level":"error","ts":1768272856.6275818,"caller":"download/yt-dlp.go:36","msg":"Failed to start yt-dlp.","error":"exit status 1","stacktrace":"github.com/Banh-Canh/ytui/internal/download.RunYTDLP\n\t/home/runner/work/ytui/ytui/internal/download/yt-dlp.go:36"}
{"level":"info","ts":1768272863.6233892,"caller":"cmd/root.go:92","msg":"Initialized configuration."}
{"level":"info","ts":1768272865.4600391,"caller":"history/history.go:86","msg":"Successfully retrieved and processed watched videos.","count":5}
{"level":"info","ts":1768564679.9184146,"caller":"cmd/root.go:92","msg":"Initialized configuration."}
{"level":"info","ts":1768564716.6360104,"caller":"ui/menu.go:621","msg":"Playing selected video in MPV.","video_url":"https://www.youtube.com/watch?v=-sqkpW5mVX8"}
{"level":"info","ts":1768564757.2993114,"caller":"ui/menu.go:621","msg":"Playing selected video in MPV.","video_url":"https://www.youtube.com/watch?v=-sqkpW5mVX8"}
{"level":"info","ts":1768564757.311623,"caller":"history/history.go:86","msg":"Successfully retrieved and processed watched videos.","count":5}
{"level":"info","ts":1768564757.3118641,"caller":"history/history.go:42","msg":"Successfully saved history data.","filename":"/home/tagilla/.config/ytui/watched_history.json","item_count":6}
{"level":"info","ts":1768564763.8804662,"caller":"ui/menu.go:621","msg":"Playing selected video in MPV.","video_url":"https://www.youtube.com/watch?v=2i6K1lkCQq0"}
{"level":"info","ts":1768565063.9588344,"caller":"history/history.go:86","msg":"Successfully retrieved and processed watched videos.","count":6}
{"level":"info","ts":1768565063.9590926,"caller":"history/history.go:42","msg":"Successfully saved history data.","filename":"/home/tagilla/.config/ytui/watched_history.json","item_count":7}
{"level":"info","ts":1768566726.0711386,"caller":"cmd/root.go:92","msg":"Initialized configuration."}
{"level":"info","ts":1768566794.3881204,"caller":"ui/menu.go:861","msg":"Downloading selected video with yt-dlp.","video_url":"https://www.youtube.com/watch?v=2i6K1lkCQq0"}
{"level":"error","ts":1768566797.1210911,"caller":"download/yt-dlp.go:36","msg":"Failed to start yt-dlp.","error":"exit status 1","stacktrace":"github.com/Banh-Canh/ytui/internal/download.RunYTDLP\n\t/home/runner/work/ytui/ytui/internal/download/yt-dlp.go:36"}
{"level":"info","ts":1768566820.7451453,"caller":"cmd/root.go:92","msg":"Initialized configuration."}
{"level":"info","ts":1768566930.5888374,"caller":"ui/menu.go:861","msg":"Downloading selected video with yt-dlp.","video_url":"https://www.youtube.com/watch?v=2i6K1lkCQq0"}
{"level":"error","ts":1768566933.7082798,"caller":"download/yt-dlp.go:36","msg":"Failed to start yt-dlp.","error":"exit status 1","stacktrace":"github.com/Banh-Canh/ytui/internal/download.RunYTDLP\n\t/home/runner/work/ytui/ytui/internal/download/yt-dlp.go:36"}
{"level":"info","ts":1768567272.011986,"caller":"cmd/root.go:92","msg":"Initialized configuration."}
{"level":"info","ts":1768567307.8498552,"caller":"ui/menu.go:621","msg":"Playing selected video in MPV.","video_url":"https://www.youtube.com/watch?v=Ib_0I9YEOnY"}
{"level":"info","ts":1768567318.7438219,"caller":"cmd/root.go:92","msg":"Initialized configuration."}
{"level":"info","ts":1768567349.440667,"caller":"ui/menu.go:621","msg":"Playing selected video in MPV.","video_url":"https://www.youtube.com/watch?v=_tIBtuakkSU"}
{"level":"info","ts":1768567598.993274,"caller":"history/history.go:86","msg":"Successfully retrieved and processed watched videos.","count":7}
{"level":"info","ts":1768567598.994496,"caller":"history/history.go:42","msg":"Successfully saved history data.","filename":"/home/tagilla/.config/ytui/watched_history.json","item_count":8}
{"level":"info","ts":1768567626.2214515,"caller":"ui/menu.go:621","msg":"Playing selected video in MPV.","video_url":"https://www.youtube.com/watch?v=eF2canKrGds"}
{"level":"info","ts":1768567656.6780396,"caller":"ui/menu.go:621","msg":"Playing selected video in MPV.","video_url":"https://www.youtube.com/watch?v=0RRv68lu2Uo"}
{"level":"info","ts":1768567656.6917028,"caller":"history/history.go:86","msg":"Successfully retrieved and processed watched videos.","count":8}
{"level":"info","ts":1768567656.6920972,"caller":"history/history.go:42","msg":"Successfully saved history data.","filename":"/home/tagilla/.config/ytui/watched_history.json","item_count":9}
{"level":"info","ts":1768567931.2064517,"caller":"history/history.go:86","msg":"Successfully retrieved and processed watched videos.","count":9}
{"level":"info","ts":1768567931.2067802,"caller":"history/history.go:42","msg":"Successfully saved history data.","filename":"/home/tagilla/.config/ytui/watched_history.json","item_count":10}
{"level":"info","ts":1768567960.7072954,"caller":"ui/menu.go:621","msg":"Playing selected video in MPV.","video_url":"https://www.youtube.com/watch?v=lpBtH3GeGho"}
{"level":"info","ts":1768567985.1684725,"caller":"history/history.go:86","msg":"Successfully retrieved and processed watched videos.","count":10}
{"level":"info","ts":1768567985.168781,"caller":"history/history.go:42","msg":"Successfully saved history data.","filename":"/home/tagilla/.config/ytui/watched_history.json","item_count":11}
{"level":"info","ts":1768568007.4118173,"caller":"ui/menu.go:621","msg":"Playing selected video in MPV.","video_url":"https://www.youtube.com/watch?v=y_kTDlovr68"}
{"level":"info","ts":1768769901.1994562,"caller":"cmd/root.go:92","msg":"Initialized configuration."}
{"level":"info","ts":1768769921.6131926,"caller":"cmd/root.go:92","msg":"Initialized configuration."}
{"level":"info","ts":1768769943.2934785,"caller":"ui/menu.go:621","msg":"Playing selected video in MPV.","video_url":"https://www.youtube.com/watch?v=4_1mCqhDHZI"}
{"level":"info","ts":1768769950.6961114,"caller":"history/history.go:86","msg":"Successfully retrieved and processed watched videos.","count":11}
{"level":"info","ts":1768769950.6968756,"caller":"history/history.go:42","msg":"Successfully saved history data.","filename":"/home/tagilla/.config/ytui/watched_history.json","item_count":12}
{"level":"info","ts":1768771253.2939348,"caller":"cmd/root.go:92","msg":"Initialized configuration."}
{"level":"info","ts":1768771524.3649168,"caller":"cmd/root.go:92","msg":"Initialized configuration."}
{"level":"info","ts":1768771558.117465,"caller":"ui/menu.go:621","msg":"Playing selected video in MPV.","video_url":"https://www.youtube.com/watch?v=s4Gvqx-BCiw"}
{"level":"info","ts":1768771560.713409,"caller":"ui/menu.go:621","msg":"Playing selected video in MPV.","video_url":"https://www.youtube.com/watch?v=s4Gvqx-BCiw"}
{"level":"info","ts":1768771560.8079803,"caller":"history/history.go:86","msg":"Successfully retrieved and processed watched videos.","count":12}
{"level":"info","ts":1768771560.9154155,"caller":"history/history.go:42","msg":"Successfully saved history data.","filename":"/home/tagilla/.config/ytui/watched_history.json","item_count":13}
{"level":"info","ts":1768771562.9034145,"caller":"ui/menu.go:621","msg":"Playing selected video in MPV.","video_url":"https://www.youtube.com/watch?v=s4Gvqx-BCiw"}
{"level":"info","ts":1768771562.9078667,"caller":"history/history.go:86","msg":"Successfully retrieved and processed watched videos.","count":13}
{"level":"info","ts":1768771563.0891488,"caller":"history/history.go:42","msg":"Successfully saved history data.","filename":"/home/tagilla/.config/ytui/watched_history.json","item_count":14}
{"level":"info","ts":1768771563.6386144,"caller":"ui/menu.go:621","msg":"Playing selected video in MPV.","video_url":"https://www.youtube.com/watch?v=s4Gvqx-BCiw"}
{"level":"info","ts":1768771563.6430528,"caller":"history/history.go:86","msg":"Successfully retrieved and processed watched videos.","count":14}
{"level":"info","ts":1768771563.72349,"caller":"history/history.go:42","msg":"Successfully saved history data.","filename":"/home/tagilla/.config/ytui/watched_history.json","item_count":15}
{"level":"info","ts":1768771564.3324165,"caller":"ui/menu.go:621","msg":"Playing selected video in MPV.","video_url":"https://www.youtube.com/watch?v=s4Gvqx-BCiw"}
{"level":"info","ts":1768771564.3358564,"caller":"history/history.go:86","msg":"Successfully retrieved and processed watched videos.","count":15}
{"level":"info","ts":1768771564.412955,"caller":"history/history.go:42","msg":"Successfully saved history data.","filename":"/home/tagilla/.config/ytui/watched_history.json","item_count":16}
{"level":"info","ts":1768771564.5614064,"caller":"ui/menu.go:621","msg":"Playing selected video in MPV.","video_url":"https://www.youtube.com/watch?v=s4Gvqx-BCiw"}
{"level":"info","ts":1768771564.5884993,"caller":"history/history.go:86","msg":"Successfully retrieved and processed watched videos.","count":16}
{"level":"info","ts":1768771564.705334,"caller":"history/history.go:42","msg":"Successfully saved history data.","filename":"/home/tagilla/.config/ytui/watched_history.json","item_count":17}
{"level":"info","ts":1768771564.789591,"caller":"ui/menu.go:621","msg":"Playing selected video in MPV.","video_url":"https://www.youtube.com/watch?v=s4Gvqx-BCiw"}
{"level":"info","ts":1768771564.873934,"caller":"history/history.go:86","msg":"Successfully retrieved and processed watched videos.","count":17}
{"level":"info","ts":1768771564.9593527,"caller":"history/history.go:42","msg":"Successfully saved history data.","filename":"/home/tagilla/.config/ytui/watched_history.json","item_count":18}
{"level":"info","ts":1768771564.977395,"caller":"ui/menu.go:621","msg":"Playing selected video in MPV.","video_url":"https://www.youtube.com/watch?v=s4Gvqx-BCiw"}
{"level":"info","ts":1768771564.9812064,"caller":"history/history.go:86","msg":"Successfully retrieved and processed watched videos.","count":18}
{"level":"info","ts":1768771565.1853957,"caller":"ui/menu.go:621","msg":"Playing selected video in MPV.","video_url":"https://www.youtube.com/watch?v=s4Gvqx-BCiw"}
{"level":"info","ts":1768771565.189172,"caller":"history/history.go:86","msg":"Successfully retrieved and processed watched videos.","count":19}
{"level":"info","ts":1768771565.2834241,"caller":"history/history.go:42","msg":"Successfully saved history data.","filename":"/home/tagilla/.config/ytui/watched_history.json","item_count":19}
{"level":"info","ts":1768771565.332405,"caller":"ui/menu.go:621","msg":"Playing selected video in MPV.","video_url":"https://www.youtube.com/watch?v=s4Gvqx-BCiw"}
{"level":"info","ts":1768771565.3753314,"caller":"history/history.go:42","msg":"Successfully saved history data.","filename":"/home/tagilla/.config/ytui/watched_history.json","item_count":20}
{"level":"info","ts":1768771565.3798397,"caller":"history/history.go:86","msg":"Successfully retrieved and processed watched videos.","count":20}
{"level":"info","ts":1768771565.5213969,"caller":"ui/menu.go:621","msg":"Playing selected video in MPV.","video_url":"https://www.youtube.com/watch?v=s4Gvqx-BCiw"}
{"level":"error","ts":1768771565.5256128,"caller":"history/history.go:77","msg":"Failed to unmarshal history data.","error":"unexpected end of JSON input","stacktrace":"github.com/Banh-Canh/ytui/internal/history.Load\n\t/home/runner/work/ytui/ytui/internal/history/history.go:77\ngithub.com/Banh-Canh/ytui/internal/history.Add\n\t/home/runner/work/ytui/ytui/internal/history/history.go:95\ngithub.com/Banh-Canh/ytui/internal/ui.model.selectItem.playVideo.func3.1\n\t/home/runner/work/ytui/ytui/internal/ui/menu.go:654"}
{"level":"error","ts":1768771565.525649,"caller":"history/history.go:97","msg":"Failed to read history.","error":"unexpected end of JSON input","stacktrace":"github.com/Banh-Canh/ytui/internal/history.Add\n\t/home/runner/work/ytui/ytui/internal/history/history.go:97\ngithub.com/Banh-Canh/ytui/internal/ui.model.selectItem.playVideo.func3.1\n\t/home/runner/work/ytui/ytui/internal/ui/menu.go:654"}
{"level":"info","ts":1768771565.648514,"caller":"ui/menu.go:621","msg":"Playing selected video in MPV.","video_url":"https://www.youtube.com/watch?v=s4Gvqx-BCiw"}
{"level":"info","ts":1768771565.6524553,"caller":"history/history.go:86","msg":"Successfully retrieved and processed watched videos.","count":21}
{"level":"info","ts":1768771565.698211,"caller":"history/history.go:42","msg":"Successfully saved history data.","filename":"/home/tagilla/.config/ytui/watched_history.json","item_count":21}
{"level":"info","ts":1768771566.1365163,"caller":"history/history.go:42","msg":"Successfully saved history data.","filename":"/home/tagilla/.config/ytui/watched_history.json","item_count":22}
{"level":"info","ts":1768771567.0163987,"caller":"ui/menu.go:621","msg":"Playing selected video in MPV.","video_url":"https://www.youtube.com/watch?v=fg9DXV_SLtk"}
{"level":"info","ts":1768771567.0202763,"caller":"history/history.go:86","msg":"Successfully retrieved and processed watched videos.","count":22}
{"level":"info","ts":1768771567.2775526,"caller":"history/history.go:42","msg":"Successfully saved history data.","filename":"/home/tagilla/.config/ytui/watched_history.json","item_count":23}
{"level":"info","ts":1768771568.0193622,"caller":"ui/menu.go:621","msg":"Playing selected video in MPV.","video_url":"https://www.youtube.com/watch?v=JfouseiahoY"}
{"level":"info","ts":1768771568.023494,"caller":"history/history.go:86","msg":"Successfully retrieved and processed watched videos.","count":23}
{"level":"info","ts":1768771568.1078498,"caller":"history/history.go:42","msg":"Successfully saved history data.","filename":"/home/tagilla/.config/ytui/watched_history.json","item_count":24}
{"level":"info","ts":1768771568.7993891,"caller":"ui/menu.go:621","msg":"Playing selected video in MPV.","video_url":"https://www.youtube.com/watch?v=fg9DXV_SLtk"}
{"level":"info","ts":1768771568.8036387,"caller":"history/history.go:86","msg":"Successfully retrieved and processed watched videos.","count":24}
{"level":"info","ts":1768771568.8624458,"caller":"history/history.go:42","msg":"Successfully saved history data.","filename":"/home/tagilla/.config/ytui/watched_history.json","item_count":25}
{"level":"info","ts":1768771580.0357075,"caller":"history/history.go:86","msg":"Successfully retrieved and processed watched videos.","count":25}
{"level":"info","ts":1768771580.036157,"caller":"history/history.go:42","msg":"Successfully saved history data.","filename":"/home/tagilla/.config/ytui/watched_history.json","item_count":26}
{"level":"info","ts":1768771581.7875915,"caller":"ui/menu.go:621","msg":"Playing selected video in MPV.","video_url":"https://www.youtube.com/watch?v=s4Gvqx-BCiw"}
{"level":"info","ts":1768771882.8123403,"caller":"cmd/root.go:92","msg":"Initialized configuration."}
{"level":"info","ts":1768771926.6997662,"caller":"ui/menu.go:861","msg":"Downloading selected video with yt-dlp.","video_url":"https://www.youtube.com/watch?v=8Nq2OEtqHpg"}
{"level":"error","ts":1768771929.7119882,"caller":"download/yt-dlp.go:36","msg":"Failed to start yt-dlp.","error":"exit status 1","stacktrace":"github.com/Banh-Canh/ytui/internal/download.RunYTDLP\n\t/home/runner/work/ytui/ytui/internal/download/yt-dlp.go:36"}
{"level":"info","ts":1768772032.2086036,"caller":"cmd/root.go:92","msg":"Initialized configuration."}
{"level":"info","ts":1768772039.7564847,"caller":"cmd/root.go:92","msg":"Initialized configuration."}
{"level":"info","ts":1768772071.6454058,"caller":"ui/menu.go:621","msg":"Playing selected video in MPV.","video_url":"https://www.youtube.com/watch?v=S8dIjvMjFp4"}
{"level":"info","ts":1768772079.8068714,"caller":"history/history.go:86","msg":"Successfully retrieved and processed watched videos.","count":26}
{"level":"info","ts":1768772079.8084297,"caller":"history/history.go:42","msg":"Successfully saved history data.","filename":"/home/tagilla/.config/ytui/watched_history.json","item_count":27}
{"level":"info","ts":1769083341.8512118,"caller":"cmd/root.go:92","msg":"Initialized configuration."}
{"level":"info","ts":1769083469.7673764,"caller":"cmd/root.go:92","msg":"Initialized configuration."}
{"level":"info","ts":1769083499.346636,"caller":"cmd/root.go:92","msg":"Initialized configuration."}
{"level":"info","ts":1769083616.5685139,"caller":"cmd/root.go:92","msg":"Initialized configuration."}
{"level":"info","ts":1769083638.9298165,"caller":"ui/menu.go:621","msg":"Playing selected video in MPV.","video_url":"https://www.youtube.com/watch?v=l91oRvojlwU"}
{"level":"info","ts":1769170129.8069491,"caller":"cmd/root.go:92","msg":"Initialized configuration."}
{"level":"info","ts":1769170148.7743535,"caller":"ui/menu.go:621","msg":"Playing selected video in MPV.","video_url":"https://www.youtube.com/watch?v=vWQBF_moHtI"}
{"level":"info","ts":1769170154.4119194,"caller":"history/history.go:86","msg":"Successfully retrieved and processed watched videos.","count":27}
{"level":"info","ts":1769170154.4124796,"caller":"history/history.go:42","msg":"Successfully saved history data.","filename":"/home/tagilla/.config/ytui/watched_history.json","item_count":28}
{"level":"info","ts":1769170177.828628,"caller":"cmd/root.go:92","msg":"Initialized configuration."}
{"level":"info","ts":1769170199.099956,"caller":"ui/menu.go:621","msg":"Playing selected video in MPV.","video_url":"https://www.youtube.com/watch?v=QHDy8x0XBKE"}
{"level":"info","ts":1769170207.1372397,"caller":"history/history.go:86","msg":"Successfully retrieved and processed watched videos.","count":28}
{"level":"info","ts":1769170207.1377153,"caller":"history/history.go:42","msg":"Successfully saved history data.","filename":"/home/tagilla/.config/ytui/watched_history.json","item_count":29}
{"level":"info","ts":1769433137.6495047,"caller":"cmd/root.go:92","msg":"Initialized configuration."}
{"level":"info","ts":1769433151.7182188,"caller":"ui/menu.go:621","msg":"Playing selected video in MPV.","video_url":"https://www.youtube.com/watch?v=tXFh0PMEgBs"}
{"level":"info","ts":1769433736.6520267,"caller":"history/history.go:86","msg":"Successfully retrieved and processed watched videos.","count":29}
{"level":"info","ts":1769433736.6525092,"caller":"history/history.go:42","msg":"Successfully saved history data.","filename":"/home/tagilla/.config/ytui/watched_history.json","item_count":30}
{"level":"info","ts":1769433997.8995829,"caller":"cmd/root.go:92","msg":"Initialized configuration."}
{"level":"info","ts":1769434052.157561,"caller":"ui/menu.go:621","msg":"Playing selected video in MPV.","video_url":"https://www.youtube.com/watch?v=6YpDMF0TrB0"}
{"level":"info","ts":1769598131.8614068,"caller":"cmd/root.go:92","msg":"Initialized configuration."}
{"level":"info","ts":1769598184.3916132,"caller":"ui/menu.go:621","msg":"Playing selected video in MPV.","video_url":"https://www.youtube.com/watch?v=nru_qUVD4Ts"}
{"level":"info","ts":1769598189.9492624,"caller":"history/history.go:86","msg":"Successfully retrieved and processed watched videos.","count":30}
{"level":"info","ts":1769598189.9496706,"caller":"history/history.go:42","msg":"Successfully saved history data.","filename":"/home/tagilla/.config/ytui/watched_history.json","item_count":31}
{"level":"info","ts":1769598201.4783988,"caller":"ui/menu.go:621","msg":"Playing selected video in MPV.","video_url":"https://www.youtube.com/watch?v=AHB071sYAwg"}
{"level":"info","ts":1769598622.5200233,"caller":"history/history.go:86","msg":"Successfully retrieved and processed watched videos.","count":31}
{"level":"info","ts":1769598622.5205927,"caller":"history/history.go:42","msg":"Successfully saved history data.","filename":"/home/tagilla/.config/ytui/watched_history.json","item_count":32}
{"level":"info","ts":1769598679.8274515,"caller":"ui/menu.go:621","msg":"Playing selected video in MPV.","video_url":"https://www.youtube.com/watch?v=8WDhlW3u93U"}
{"level":"info","ts":1769598681.819877,"caller":"history/history.go:86","msg":"Successfully retrieved and processed watched videos.","count":32}
{"level":"info","ts":1769598681.8203816,"caller":"history/history.go:42","msg":"Successfully saved history data.","filename":"/home/tagilla/.config/ytui/watched_history.json","item_count":33}
{"level":"info","ts":1769598689.919208,"caller":"ui/menu.go:621","msg":"Playing selected video in MPV.","video_url":"https://www.youtube.com/watch?v=_ksy5HzoCY0"}
{"level":"info","ts":1769613871.2436523,"caller":"cmd/root.go:92","msg":"Initialized configuration."}
{"level":"info","ts":1769965091.4588084,"caller":"cmd/root.go:92","msg":"Initialized configuration."}
{"level":"info","ts":1769965107.8820815,"caller":"ui/menu.go:621","msg":"Playing selected video in MPV.","video_url":"https://www.youtube.com/watch?v=Xx7d8xqikWg"}
{"level":"info","ts":1769965113.168098,"caller":"history/history.go:86","msg":"Successfully retrieved and processed watched videos.","count":33}
{"level":"info","ts":1769965113.1691632,"caller":"history/history.go:42","msg":"Successfully saved history data.","filename":"/home/tagilla/.config/ytui/watched_history.json","item_count":34}
{"level":"info","ts":1770047320.961831,"caller":"cmd/root.go:92","msg":"Initialized configuration."}
{"level":"info","ts":1770047345.2102106,"caller":"ui/menu.go:621","msg":"Playing selected video in MPV.","video_url":"https://www.youtube.com/watch?v=LQwtZohqCRs"}
{"level":"info","ts":1770047347.6620295,"caller":"history/history.go:86","msg":"Successfully retrieved and processed watched videos.","count":34}
{"level":"info","ts":1770047347.662496,"caller":"history/history.go:42","msg":"Successfully saved history data.","filename":"/home/tagilla/.config/ytui/watched_history.json","item_count":35}
{"level":"info","ts":1770047437.8729432,"caller":"cmd/root.go:92","msg":"Initialized configuration."}
{"level":"info","ts":1770047493.0599067,"caller":"ui/menu.go:621","msg":"Playing selected video in MPV.","video_url":"https://www.youtube.com/watch?v=EKxFy4B4GRg"}
{"level":"info","ts":1770047518.174228,"caller":"cmd/root.go:92","msg":"Initialized configuration."}
{"level":"info","ts":1770047535.8753817,"caller":"ui/menu.go:621","msg":"Playing selected video in MPV.","video_url":"https://www.youtube.com/watch?v=PYYKT_olqrc"}
{"level":"info","ts":1770047540.0026076,"caller":"history/history.go:86","msg":"Successfully retrieved and processed watched videos.","count":35}
{"level":"info","ts":1770047540.00313,"caller":"history/history.go:42","msg":"Successfully saved history data.","filename":"/home/tagilla/.config/ytui/watched_history.json","item_count":36}
{"level":"info","ts":1770047554.6618485,"caller":"cmd/root.go:92","msg":"Initialized configuration."}
{"level":"info","ts":1770047578.787157,"caller":"ui/menu.go:621","msg":"Playing selected video in MPV.","video_url":"https://www.youtube.com/watch?v=jYZR7yszaFk"}
{"level":"info","ts":1770047581.6968281,"caller":"history/history.go:86","msg":"Successfully retrieved and processed watched videos.","count":36}
{"level":"info","ts":1770047581.697335,"caller":"history/history.go:42","msg":"Successfully saved history data.","filename":"/home/tagilla/.config/ytui/watched_history.json","item_count":37}
{"level":"info","ts":1770047586.5270956,"caller":"ui/menu.go:621","msg":"Playing selected video in MPV.","video_url":"https://www.youtube.com/watch?v=j7Cvqpxof-U"}
{"level":"info","ts":1770047589.3833885,"caller":"history/history.go:86","msg":"Successfully retrieved and processed watched videos.","count":37}
{"level":"info","ts":1770047589.384102,"caller":"history/history.go:42","msg":"Successfully saved history data.","filename":"/home/tagilla/.config/ytui/watched_history.json","item_count":38}
{"level":"info","ts":1770049762.9803476,"caller":"cmd/root.go:92","msg":"Initialized configuration."}
{"level":"info","ts":1770049788.9740877,"caller":"ui/menu.go:621","msg":"Playing selected video in MPV.","video_url":"https://www.youtube.com/watch?v=jYZR7yszaFk"}
{"level":"info","ts":1770049791.5059185,"caller":"history/history.go:86","msg":"Successfully retrieved and processed watched videos.","count":38}
{"level":"info","ts":1770049791.5064178,"caller":"history/history.go:42","msg":"Successfully saved history data.","filename":"/home/tagilla/.config/ytui/watched_history.json","item_count":39}
{"level":"info","ts":1770049939.0516536,"caller":"cmd/root.go:92","msg":"Initialized configuration."}
{"level":"info","ts":1770049963.4178064,"caller":"ui/menu.go:621","msg":"Playing selected video in MPV.","video_url":"https://www.youtube.com/watch?v=74UuwebPoYA"}
{"level":"info","ts":1770049966.0342312,"caller":"history/history.go:86","msg":"Successfully retrieved and processed watched videos.","count":39}
{"level":"info","ts":1770049966.0348923,"caller":"history/history.go:42","msg":"Successfully saved history data.","filename":"/home/tagilla/.config/ytui/watched_history.json","item_count":40}
{"level":"info","ts":1770049990.3610792,"caller":"cmd/root.go:92","msg":"Initialized configuration."}
{"level":"info","ts":1770050014.7209516,"caller":"ui/menu.go:621","msg":"Playing selected video in MPV.","video_url":"https://www.youtube.com/watch?v=e4dsyKNEb-c"}
{"level":"info","ts":1770050018.600342,"caller":"history/history.go:86","msg":"Successfully retrieved and processed watched videos.","count":40}
{"level":"info","ts":1770050018.600952,"caller":"history/history.go:42","msg":"Successfully saved history data.","filename":"/home/tagilla/.config/ytui/watched_history.json","item_count":41}
{"level":"info","ts":1770050047.6369972,"caller":"cmd/root.go:92","msg":"Initialized configuration."}
{"level":"info","ts":1770050061.2705545,"caller":"ui/menu.go:621","msg":"Playing selected video in MPV.","video_url":"https://www.youtube.com/watch?v=34k3GwQtbbs"}
{"level":"info","ts":1770050064.8544827,"caller":"history/history.go:86","msg":"Successfully retrieved and processed watched videos.","count":41}
{"level":"info","ts":1770050064.8550558,"caller":"history/history.go:42","msg":"Successfully saved history data.","filename":"/home/tagilla/.config/ytui/watched_history.json","item_count":42}
{"level":"info","ts":1770050151.3561025,"caller":"cmd/root.go:92","msg":"Initialized configuration."}
{"level":"info","ts":1770050177.8774574,"caller":"ui/menu.go:621","msg":"Playing selected video in MPV.","video_url":"https://www.youtube.com/watch?v=zGO0NxzakqQ"}
{"level":"info","ts":1770050180.273365,"caller":"history/history.go:86","msg":"Successfully retrieved and processed watched videos.","count":42}
{"level":"info","ts":1770050180.274486,"caller":"history/history.go:42","msg":"Successfully saved history data.","filename":"/home/tagilla/.config/ytui/watched_history.json","item_count":43}
{"level":"info","ts":1770050287.7178013,"caller":"cmd/root.go:92","msg":"Initialized configuration."}
{"level":"info","ts":1770050326.8436413,"caller":"ui/menu.go:621","msg":"Playing selected video in MPV.","video_url":"https://www.youtube.com/watch?v=GhvzMGDzt70"}
{"level":"info","ts":1770050356.4757273,"caller":"history/history.go:86","msg":"Successfully retrieved and processed watched videos.","count":43}
{"level":"info","ts":1770050356.476597,"caller":"history/history.go:42","msg":"Successfully saved history data.","filename":"/home/tagilla/.config/ytui/watched_history.json","item_count":44}
{"level":"info","ts":1770166185.185572,"caller":"cmd/root.go:92","msg":"Initialized configuration."}
{"level":"info","ts":1770166238.7609234,"caller":"ui/menu.go:621","msg":"Playing selected video in MPV.","video_url":"https://www.youtube.com/watch?v=VkvEgwv1eWA"}
{"level":"info","ts":1770166242.3289196,"caller":"ui/menu.go:621","msg":"Playing selected video in MPV.","video_url":"https://www.youtube.com/watch?v=VkvEgwv1eWA"}
{"level":"info","ts":1770166242.336829,"caller":"history/history.go:86","msg":"Successfully retrieved and processed watched videos.","count":44}
{"level":"info","ts":1770166242.3374496,"caller":"history/history.go:42","msg":"Successfully saved history data.","filename":"/home/tagilla/.config/ytui/watched_history.json","item_count":45}
{"level":"info","ts":1770166242.7602158,"caller":"ui/menu.go:621","msg":"Playing selected video in MPV.","video_url":"https://www.youtube.com/watch?v=VkvEgwv1eWA"}
{"level":"info","ts":1770166242.763989,"caller":"history/history.go:86","msg":"Successfully retrieved and processed watched videos.","count":45}
{"level":"info","ts":1770166242.7645113,"caller":"history/history.go:42","msg":"Successfully saved history data.","filename":"/home/tagilla/.config/ytui/watched_history.json","item_count":46}
{"level":"info","ts":1770166242.9278886,"caller":"ui/menu.go:621","msg":"Playing selected video in MPV.","video_url":"https://www.youtube.com/watch?v=VkvEgwv1eWA"}
{"level":"info","ts":1770166242.931922,"caller":"history/history.go:86","msg":"Successfully retrieved and processed watched videos.","count":46}
{"level":"info","ts":1770166242.9324732,"caller":"history/history.go:42","msg":"Successfully saved history data.","filename":"/home/tagilla/.config/ytui/watched_history.json","item_count":47}
{"level":"info","ts":1770166243.0561075,"caller":"ui/menu.go:621","msg":"Playing selected video in MPV.","video_url":"https://www.youtube.com/watch?v=VkvEgwv1eWA"}
{"level":"info","ts":1770166243.0613778,"caller":"history/history.go:86","msg":"Successfully retrieved and processed watched videos.","count":47}
{"level":"info","ts":1770166243.062019,"caller":"history/history.go:42","msg":"Successfully saved history data.","filename":"/home/tagilla/.config/ytui/watched_history.json","item_count":48}
{"level":"info","ts":1770166243.182935,"caller":"ui/menu.go:621","msg":"Playing selected video in MPV.","video_url":"https://www.youtube.com/watch?v=VkvEgwv1eWA"}
{"level":"info","ts":1770166243.1868508,"caller":"history/history.go:86","msg":"Successfully retrieved and processed watched videos.","count":48}
{"level":"info","ts":1770166243.1874328,"caller":"history/history.go:42","msg":"Successfully saved history data.","filename":"/home/tagilla/.config/ytui/watched_history.json","item_count":49}
{"level":"info","ts":1770166243.3099046,"caller":"ui/menu.go:621","msg":"Playing selected video in MPV.","video_url":"https://www.youtube.com/watch?v=VkvEgwv1eWA"}
{"level":"info","ts":1770166243.3143902,"caller":"history/history.go:86","msg":"Successfully retrieved and processed watched videos.","count":49}
{"level":"info","ts":1770166243.3149946,"caller":"history/history.go:42","msg":"Successfully saved history data.","filename":"/home/tagilla/.config/ytui/watched_history.json","item_count":50}
{"level":"info","ts":1770166243.4381914,"caller":"ui/menu.go:621","msg":"Playing selected video in MPV.","video_url":"https://www.youtube.com/watch?v=VkvEgwv1eWA"}
{"level":"info","ts":1770166243.4438293,"caller":"history/history.go:86","msg":"Successfully retrieved and processed watched videos.","count":50}
{"level":"info","ts":1770166243.44444,"caller":"history/history.go:42","msg":"Successfully saved history data.","filename":"/home/tagilla/.config/ytui/watched_history.json","item_count":51}
{"level":"info","ts":1770166243.565091,"caller":"ui/menu.go:621","msg":"Playing selected video in MPV.","video_url":"https://www.youtube.com/watch?v=VkvEgwv1eWA"}
{"level":"info","ts":1770166243.5720992,"caller":"history/history.go:86","msg":"Successfully retrieved and processed watched videos.","count":51}
{"level":"info","ts":1770166243.5730608,"caller":"history/history.go:42","msg":"Successfully saved history data.","filename":"/home/tagilla/.config/ytui/watched_history.json","item_count":52}
{"level":"info","ts":1770166243.712005,"caller":"ui/menu.go:621","msg":"Playing selected video in MPV.","video_url":"https://www.youtube.com/watch?v=VkvEgwv1eWA"}
{"level":"info","ts":1770166243.7163553,"caller":"history/history.go:86","msg":"Successfully retrieved and processed watched videos.","count":52}
{"level":"info","ts":1770166243.7170048,"caller":"history/history.go:42","msg":"Successfully saved history data.","filename":"/home/tagilla/.config/ytui/watched_history.json","item_count":53}
{"level":"info","ts":1770166247.1659913,"caller":"ui/menu.go:621","msg":"Playing selected video in MPV.","video_url":"https://www.youtube.com/watch?v=JqKiH4UWrzk"}
{"level":"info","ts":1770166247.1731372,"caller":"history/history.go:86","msg":"Successfully retrieved and processed watched videos.","count":53}
{"level":"info","ts":1770166247.1739821,"caller":"history/history.go:42","msg":"Successfully saved history data.","filename":"/home/tagilla/.config/ytui/watched_history.json","item_count":54}
{"level":"info","ts":1770166248.4538052,"caller":"ui/menu.go:621","msg":"Playing selected video in MPV.","video_url":"https://www.youtube.com/watch?v=VkvEgwv1eWA"}
{"level":"info","ts":1770166248.4588199,"caller":"history/history.go:86","msg":"Successfully retrieved and processed watched videos.","count":54}
{"level":"info","ts":1770166248.4594493,"caller":"history/history.go:42","msg":"Successfully saved history data.","filename":"/home/tagilla/.config/ytui/watched_history.json","item_count":55}
{"level":"info","ts":1770166248.6224039,"caller":"ui/menu.go:621","msg":"Playing selected video in MPV.","video_url":"https://www.youtube.com/watch?v=VkvEgwv1eWA"}
{"level":"info","ts":1770166248.6305368,"caller":"history/history.go:86","msg":"Successfully retrieved and processed watched videos.","count":55}
{"level":"info","ts":1770166248.6317418,"caller":"history/history.go:42","msg":"Successfully saved history data.","filename":"/home/tagilla/.config/ytui/watched_history.json","item_count":56}
{"level":"info","ts":1770166248.7520294,"caller":"ui/menu.go:621","msg":"Playing selected video in MPV.","video_url":"https://www.youtube.com/watch?v=VkvEgwv1eWA"}
{"level":"info","ts":1770166248.7585278,"caller":"history/history.go:86","msg":"Successfully retrieved and processed watched videos.","count":56}
{"level":"info","ts":1770166248.7599504,"caller":"history/history.go:42","msg":"Successfully saved history data.","filename":"/home/tagilla/.config/ytui/watched_history.json","item_count":57}
{"level":"info","ts":1770166248.875917,"caller":"ui/menu.go:621","msg":"Playing selected video in MPV.","video_url":"https://www.youtube.com/watch?v=VkvEgwv1eWA"}
{"level":"info","ts":1770166248.8854005,"caller":"history/history.go:86","msg":"Successfully retrieved and processed watched videos.","count":57}
{"level":"info","ts":1770166248.8866594,"caller":"history/history.go:42","msg":"Successfully saved history data.","filename":"/home/tagilla/.config/ytui/watched_history.json","item_count":58}
{"level":"info","ts":1770166249.0029066,"caller":"ui/menu.go:621","msg":"Playing selected video in MPV.","video_url":"https://www.youtube.com/watch?v=VkvEgwv1eWA"}
{"level":"info","ts":1770166249.008395,"caller":"history/history.go:86","msg":"Successfully retrieved and processed watched videos.","count":58}
{"level":"info","ts":1770166249.0091548,"caller":"history/history.go:42","msg":"Successfully saved history data.","filename":"/home/tagilla/.config/ytui/watched_history.json","item_count":59}
{"level":"info","ts":1770166249.1309342,"caller":"ui/menu.go:621","msg":"Playing selected video in MPV.","video_url":"https://www.youtube.com/watch?v=VkvEgwv1eWA"}
{"level":"info","ts":1770166249.1353738,"caller":"history/history.go:86","msg":"Successfully retrieved and processed watched videos.","count":59}
{"level":"info","ts":1770166249.1361163,"caller":"history/history.go:42","msg":"Successfully saved history data.","filename":"/home/tagilla/.config/ytui/watched_history.json","item_count":60}
{"level":"info","ts":1770166249.2801464,"caller":"ui/menu.go:621","msg":"Playing selected video in MPV.","video_url":"https://www.youtube.com/watch?v=VkvEgwv1eWA"}
{"level":"info","ts":1770166249.2851326,"caller":"history/history.go:86","msg":"Successfully retrieved and processed watched videos.","count":60}
{"level":"info","ts":1770166249.2859747,"caller":"history/history.go:42","msg":"Successfully saved history data.","filename":"/home/tagilla/.config/ytui/watched_history.json","item_count":61}
{"level":"info","ts":1770166249.751331,"caller":"ui/menu.go:621","msg":"Playing selected video in MPV.","video_url":"https://www.youtube.com/watch?v=VkvEgwv1eWA"}
{"level":"info","ts":1770166249.7553623,"caller":"history/history.go:86","msg":"Successfully retrieved and processed watched videos.","count":61}
{"level":"info","ts":1770166249.756281,"caller":"history/history.go:42","msg":"Successfully saved history data.","filename":"/home/tagilla/.config/ytui/watched_history.json","item_count":62}
{"level":"info","ts":1770166251.7665684,"caller":"ui/menu.go:621","msg":"Playing selected video in MPV.","video_url":"https://www.youtube.com/watch?v=VkvEgwv1eWA"}
{"level":"info","ts":1770166251.7715242,"caller":"history/history.go:86","msg":"Successfully retrieved and processed watched videos.","count":62}
{"level":"info","ts":1770166251.7722661,"caller":"history/history.go:42","msg":"Successfully saved history data.","filename":"/home/tagilla/.config/ytui/watched_history.json","item_count":63}
{"level":"info","ts":1770166251.9128525,"caller":"ui/menu.go:621","msg":"Playing selected video in MPV.","video_url":"https://www.youtube.com/watch?v=VkvEgwv1eWA"}
{"level":"info","ts":1770166251.917341,"caller":"history/history.go:86","msg":"Successfully retrieved and processed watched videos.","count":63}
{"level":"info","ts":1770166251.9181297,"caller":"history/history.go:42","msg":"Successfully saved history data.","filename":"/home/tagilla/.config/ytui/watched_history.json","item_count":64}
{"level":"info","ts":1770166255.1908355,"caller":"ui/menu.go:621","msg":"Playing selected video in MPV.","video_url":"https://www.youtube.com/watch?v=lerhBfl4ugo"}
{"level":"info","ts":1770166255.1981778,"caller":"history/history.go:86","msg":"Successfully retrieved and processed watched videos.","count":64}
{"level":"info","ts":1770166255.1990438,"caller":"history/history.go:42","msg":"Successfully saved history data.","filename":"/home/tagilla/.config/ytui/watched_history.json","item_count":65}
{"level":"info","ts":1770166259.0566123,"caller":"history/history.go:86","msg":"Successfully retrieved and processed watched videos.","count":65}
{"level":"info","ts":1770166259.0573509,"caller":"history/history.go:42","msg":"Successfully saved history data.","filename":"/home/tagilla/.config/ytui/watched_history.json","item_count":66}
{"level":"info","ts":1770166261.173867,"caller":"ui/menu.go:621","msg":"Playing selected video in MPV.","video_url":"https://www.youtube.com/watch?v=JqKiH4UWrzk"}
{"level":"info","ts":1770166263.7687964,"caller":"ui/menu.go:621","msg":"Playing selected video in MPV.","video_url":"https://www.youtube.com/watch?v=VkvEgwv1eWA"}
{"level":"info","ts":1770166263.7782116,"caller":"history/history.go:86","msg":"Successfully retrieved and processed watched videos.","count":66}
{"level":"info","ts":1770166263.7792735,"caller":"history/history.go:42","msg":"Successfully saved history data.","filename":"/home/tagilla/.config/ytui/watched_history.json","item_count":67}
{"level":"info","ts":1770255526.837863,"caller":"cmd/root.go:92","msg":"Initialized configuration."}
{"level":"info","ts":1770928981.3722353,"caller":"cmd/root.go:92","msg":"Initialized configuration."}
{"level":"info","ts":1770929032.763742,"caller":"cmd/root.go:92","msg":"Initialized configuration."}
{"level":"info","ts":1770929070.5051765,"caller":"ui/menu.go:621","msg":"Playing selected video in MPV.","video_url":"https://www.youtube.com/watch?v=LW9hwoaJXgw"}
{"level":"info","ts":1770929073.2061467,"caller":"ui/menu.go:621","msg":"Playing selected video in MPV.","video_url":"https://www.youtube.com/watch?v=LW9hwoaJXgw"}
{"level":"info","ts":1770929073.2120256,"caller":"history/history.go:86","msg":"Successfully retrieved and processed watched videos.","count":67}
{"level":"info","ts":1770929073.213245,"caller":"history/history.go:42","msg":"Successfully saved history data.","filename":"/home/tagilla/.config/ytui/watched_history.json","item_count":68}
{"level":"info","ts":1770929074.0021727,"caller":"ui/menu.go:621","msg":"Playing selected video in MPV.","video_url":"https://www.youtube.com/watch?v=LW9hwoaJXgw"}
{"level":"info","ts":1770929074.0068483,"caller":"history/history.go:86","msg":"Successfully retrieved and processed watched videos.","count":68}
{"level":"info","ts":1770929074.0079105,"caller":"history/history.go:42","msg":"Successfully saved history data.","filename":"/home/tagilla/.config/ytui/watched_history.json","item_count":69}
{"level":"info","ts":1770929074.2711294,"caller":"ui/menu.go:621","msg":"Playing selected video in MPV.","video_url":"https://www.youtube.com/watch?v=LW9hwoaJXgw"}
{"level":"info","ts":1770929074.2763603,"caller":"history/history.go:86","msg":"Successfully retrieved and processed watched videos.","count":69}
{"level":"info","ts":1770929074.2775996,"caller":"history/history.go:42","msg":"Successfully saved history data.","filename":"/home/tagilla/.config/ytui/watched_history.json","item_count":70}
{"level":"info","ts":1770929074.7622,"caller":"ui/menu.go:621","msg":"Playing selected video in MPV.","video_url":"https://www.youtube.com/watch?v=LW9hwoaJXgw"}
{"level":"info","ts":1770929074.7660446,"caller":"history/history.go:86","msg":"Successfully retrieved and processed watched videos.","count":70}
{"level":"info","ts":1770929074.7671463,"caller":"history/history.go:42","msg":"Successfully saved history data.","filename":"/home/tagilla/.config/ytui/watched_history.json","item_count":71}
{"level":"info","ts":1770929075.3612208,"caller":"ui/menu.go:621","msg":"Playing selected video in MPV.","video_url":"https://www.youtube.com/watch?v=LW9hwoaJXgw"}
{"level":"info","ts":1770929075.3659604,"caller":"history/history.go:86","msg":"Successfully retrieved and processed watched videos.","count":71}
{"level":"info","ts":1770929075.366748,"caller":"history/history.go:42","msg":"Successfully saved history data.","filename":"/home/tagilla/.config/ytui/watched_history.json","item_count":72}
{"level":"info","ts":1770929075.4030972,"caller":"ui/menu.go:621","msg":"Playing selected video in MPV.","video_url":"https://www.youtube.com/watch?v=LW9hwoaJXgw"}
{"level":"info","ts":1770929075.4059885,"caller":"history/history.go:86","msg":"Successfully retrieved and processed watched videos.","count":72}
{"level":"info","ts":1770929075.4074452,"caller":"history/history.go:42","msg":"Successfully saved history data.","filename":"/home/tagilla/.config/ytui/watched_history.json","item_count":73}
{"level":"info","ts":1770929075.4420817,"caller":"ui/menu.go:621","msg":"Playing selected video in MPV.","video_url":"https://www.youtube.com/watch?v=LW9hwoaJXgw"}
{"level":"info","ts":1770929075.445244,"caller":"history/history.go:86","msg":"Successfully retrieved and processed watched videos.","count":73}
{"level":"info","ts":1770929075.4462607,"caller":"history/history.go:42","msg":"Successfully saved history data.","filename":"/home/tagilla/.config/ytui/watched_history.json","item_count":74}
{"level":"info","ts":1770929075.4823265,"caller":"ui/menu.go:621","msg":"Playing selected video in MPV.","video_url":"https://www.youtube.com/watch?v=LW9hwoaJXgw"}
{"level":"info","ts":1770929075.4856591,"caller":"history/history.go:86","msg":"Successfully retrieved and processed watched videos.","count":74}
{"level":"info","ts":1770929075.4864872,"caller":"history/history.go:42","msg":"Successfully saved history data.","filename":"/home/tagilla/.config/ytui/watched_history.json","item_count":75}
{"level":"info","ts":1770929075.5214846,"caller":"ui/menu.go:621","msg":"Playing selected video in MPV.","video_url":"https://www.youtube.com/watch?v=LW9hwoaJXgw"}
{"level":"info","ts":1770929075.5241716,"caller":"history/history.go:86","msg":"Successfully retrieved and processed watched videos.","count":75}
{"level":"info","ts":1770929075.5250044,"caller":"history/history.go:42","msg":"Successfully saved history data.","filename":"/home/tagilla/.config/ytui/watched_history.json","item_count":76}
{"level":"info","ts":1772777530.9968443,"caller":"cmd/root.go:92","msg":"Initialized configuration."}
{"level":"info","ts":1772778429.456821,"caller":"cmd/root.go:92","msg":"Initialized configuration."}
{"level":"info","ts":1772778445.6458733,"caller":"cmd/root.go:92","msg":"Initialized configuration."}
{"level":"info","ts":1772778496.9214208,"caller":"ui/menu.go:621","msg":"Playing selected video in MPV.","video_url":"https://www.youtube.com/watch?v=EbOKU3j23k0"}
{"level":"info","ts":1772778500.0375602,"caller":"ui/menu.go:621","msg":"Playing selected video in MPV.","video_url":"https://www.youtube.com/watch?v=EbOKU3j23k0"}
{"level":"info","ts":1772778500.0439906,"caller":"history/history.go:86","msg":"Successfully retrieved and processed watched videos.","count":76}
{"level":"info","ts":1772778500.04556,"caller":"history/history.go:42","msg":"Successfully saved history data.","filename":"/home/tagilla/.config/ytui/watched_history.json","item_count":77}
{"level":"info","ts":1772778501.0764208,"caller":"ui/menu.go:621","msg":"Playing selected video in MPV.","video_url":"https://www.youtube.com/watch?v=EbOKU3j23k0"}
{"level":"info","ts":1772778501.0807495,"caller":"history/history.go:86","msg":"Successfully retrieved and processed watched videos.","count":77}
{"level":"info","ts":1772778501.0817895,"caller":"history/history.go:42","msg":"Successfully saved history data.","filename":"/home/tagilla/.config/ytui/watched_history.json","item_count":78}
{"level":"info","ts":1772778501.3253875,"caller":"ui/menu.go:621","msg":"Playing selected video in MPV.","video_url":"https://www.youtube.com/watch?v=EbOKU3j23k0"}
{"level":"info","ts":1772778501.3305106,"caller":"history/history.go:86","msg":"Successfully retrieved and processed watched videos.","count":78}
{"level":"info","ts":1772778501.3314946,"caller":"history/history.go:42","msg":"Successfully saved history data.","filename":"/home/tagilla/.config/ytui/watched_history.json","item_count":79}
{"level":"info","ts":1772778501.49357,"caller":"ui/menu.go:621","msg":"Playing selected video in MPV.","video_url":"https://www.youtube.com/watch?v=EbOKU3j23k0"}
{"level":"info","ts":1772778501.4989417,"caller":"history/history.go:86","msg":"Successfully retrieved and processed watched videos.","count":79}
{"level":"info","ts":1772778501.5001295,"caller":"history/history.go:42","msg":"Successfully saved history data.","filename":"/home/tagilla/.config/ytui/watched_history.json","item_count":80}
{"level":"info","ts":1772778501.6407006,"caller":"ui/menu.go:621","msg":"Playing selected video in MPV.","video_url":"https://www.youtube.com/watch?v=EbOKU3j23k0"}
{"level":"info","ts":1772778501.6456363,"caller":"history/history.go:86","msg":"Successfully retrieved and processed watched videos.","count":80}
{"level":"info","ts":1772778501.6466274,"caller":"history/history.go:42","msg":"Successfully saved history data.","filename":"/home/tagilla/.config/ytui/watched_history.json","item_count":81}
{"level":"info","ts":1772778501.788534,"caller":"ui/menu.go:621","msg":"Playing selected video in MPV.","video_url":"https://www.youtube.com/watch?v=EbOKU3j23k0"}
{"level":"info","ts":1772778501.794097,"caller":"history/history.go:86","msg":"Successfully retrieved and processed watched videos.","count":81}
{"level":"info","ts":1772778501.7950969,"caller":"history/history.go:42","msg":"Successfully saved history data.","filename":"/home/tagilla/.config/ytui/watched_history.json","item_count":82}
{"level":"info","ts":1772778501.93645,"caller":"ui/menu.go:621","msg":"Playing selected video in MPV.","video_url":"https://www.youtube.com/watch?v=EbOKU3j23k0"}
{"level":"info","ts":1772778501.9430537,"caller":"history/history.go:86","msg":"Successfully retrieved and processed watched videos.","count":82}
{"level":"info","ts":1772778501.9443443,"caller":"history/history.go:42","msg":"Successfully saved history data.","filename":"/home/tagilla/.config/ytui/watched_history.json","item_count":83}
{"level":"info","ts":1772778502.0834606,"caller":"ui/menu.go:621","msg":"Playing selected video in MPV.","video_url":"https://www.youtube.com/watch?v=EbOKU3j23k0"}
{"level":"info","ts":1772778502.0900757,"caller":"history/history.go:86","msg":"Successfully retrieved and processed watched videos.","count":83}
{"level":"info","ts":1772778502.0910814,"caller":"history/history.go:42","msg":"Successfully saved history data.","filename":"/home/tagilla/.config/ytui/watched_history.json","item_count":84}
{"level":"info","ts":1772778502.2314332,"caller":"ui/menu.go:621","msg":"Playing selected video in MPV.","video_url":"https://www.youtube.com/watch?v=EbOKU3j23k0"}
{"level":"info","ts":1772778502.2368977,"caller":"history/history.go:86","msg":"Successfully retrieved and processed watched videos.","count":84}
{"level":"info","ts":1772778502.2381148,"caller":"history/history.go:42","msg":"Successfully saved history data.","filename":"/home/tagilla/.config/ytui/watched_history.json","item_count":85}
{"level":"info","ts":1772778502.3783934,"caller":"ui/menu.go:621","msg":"Playing selected video in MPV.","video_url":"https://www.youtube.com/watch?v=EbOKU3j23k0"}
{"level":"info","ts":1772778502.3842993,"caller":"history/history.go:86","msg":"Successfully retrieved and processed watched videos.","count":85}
{"level":"info","ts":1772778502.38557,"caller":"history/history.go:42","msg":"Successfully saved history data.","filename":"/home/tagilla/.config/ytui/watched_history.json","item_count":86}
{"level":"info","ts":1772778502.9775784,"caller":"ui/menu.go:621","msg":"Playing selected video in MPV.","video_url":"https://www.youtube.com/watch?v=EbOKU3j23k0"}
{"level":"info","ts":1772778502.9834526,"caller":"history/history.go:86","msg":"Successfully retrieved and processed watched videos.","count":86}
{"level":"info","ts":1772778502.9846225,"caller":"history/history.go:42","msg":"Successfully saved history data.","filename":"/home/tagilla/.config/ytui/watched_history.json","item_count":87}
{"level":"info","ts":1772778503.0175688,"caller":"ui/menu.go:621","msg":"Playing selected video in MPV.","video_url":"https://www.youtube.com/watch?v=EbOKU3j23k0"}
{"level":"info","ts":1772778503.0209508,"caller":"history/history.go:86","msg":"Successfully retrieved and processed watched videos.","count":87}
{"level":"info","ts":1772778503.0220406,"caller":"history/history.go:42","msg":"Successfully saved history data.","filename":"/home/tagilla/.config/ytui/watched_history.json","item_count":88}
{"level":"info","ts":1772778503.0600696,"caller":"ui/menu.go:621","msg":"Playing selected video in MPV.","video_url":"https://www.youtube.com/watch?v=EbOKU3j23k0"}
{"level":"info","ts":1772778503.0634959,"caller":"history/history.go:86","msg":"Successfully retrieved and processed watched videos.","count":88}
{"level":"info","ts":1772778503.0645735,"caller":"history/history.go:42","msg":"Successfully saved history data.","filename":"/home/tagilla/.config/ytui/watched_history.json","item_count":89}
{"level":"info","ts":1772778503.0980327,"caller":"ui/menu.go:621","msg":"Playing selected video in MPV.","video_url":"https://www.youtube.com/watch?v=EbOKU3j23k0"}
{"level":"info","ts":1772778503.1014254,"caller":"history/history.go:86","msg":"Successfully retrieved and processed watched videos.","count":89}
{"level":"info","ts":1772778503.1026356,"caller":"history/history.go:42","msg":"Successfully saved history data.","filename":"/home/tagilla/.config/ytui/watched_history.json","item_count":90}
{"level":"info","ts":1772778503.13824,"caller":"ui/menu.go:621","msg":"Playing selected video in MPV.","video_url":"https://www.youtube.com/watch?v=EbOKU3j23k0"}
{"level":"info","ts":1772778503.1420233,"caller":"history/history.go:86","msg":"Successfully retrieved and processed watched videos.","count":90}
{"level":"info","ts":1772778503.1432157,"caller":"history/history.go:42","msg":"Successfully saved history data.","filename":"/home/tagilla/.config/ytui/watched_history.json","item_count":91}
{"level":"info","ts":1772778503.1782968,"caller":"ui/menu.go:621","msg":"Playing selected video in MPV.","video_url":"https://www.youtube.com/watch?v=EbOKU3j23k0"}
{"level":"info","ts":1772778503.1825027,"caller":"history/history.go:86","msg":"Successfully retrieved and processed watched videos.","count":91}
{"level":"info","ts":1772778503.1841657,"caller":"history/history.go:42","msg":"Successfully saved history data.","filename":"/home/tagilla/.config/ytui/watched_history.json","item_count":92}
{"level":"info","ts":1772778503.2193468,"caller":"ui/menu.go:621","msg":"Playing selected video in MPV.","video_url":"https://www.youtube.com/watch?v=EbOKU3j23k0"}
{"level":"info","ts":1772778503.2241526,"caller":"history/history.go:86","msg":"Successfully retrieved and processed watched videos.","count":92}
{"level":"info","ts":1772778503.2259195,"caller":"history/history.go:42","msg":"Successfully saved history data.","filename":"/home/tagilla/.config/ytui/watched_history.json","item_count":93}
{"level":"info","ts":1772778503.2604117,"caller":"ui/menu.go:621","msg":"Playing selected video in MPV.","video_url":"https://www.youtube.com/watch?v=EbOKU3j23k0"}
{"level":"info","ts":1772778503.2637377,"caller":"history/history.go:86","msg":"Successfully retrieved and processed watched videos.","count":93}
{"level":"info","ts":1772778503.2653904,"caller":"history/history.go:42","msg":"Successfully saved history data.","filename":"/home/tagilla/.config/ytui/watched_history.json","item_count":94}
{"level":"info","ts":1772778503.2983885,"caller":"ui/menu.go:621","msg":"Playing selected video in MPV.","video_url":"https://www.youtube.com/watch?v=EbOKU3j23k0"}
{"level":"info","ts":1772778503.3028016,"caller":"history/history.go:86","msg":"Successfully retrieved and processed watched videos.","count":94}
{"level":"info","ts":1772778503.3047297,"caller":"history/history.go:42","msg":"Successfully saved history data.","filename":"/home/tagilla/.config/ytui/watched_history.json","item_count":95}
{"level":"info","ts":1772778503.3385568,"caller":"ui/menu.go:621","msg":"Playing selected video in MPV.","video_url":"https://www.youtube.com/watch?v=EbOKU3j23k0"}
{"level":"info","ts":1772778503.3440986,"caller":"history/history.go:86","msg":"Successfully retrieved and processed watched videos.","count":95}
{"level":"info","ts":1772778503.3457267,"caller":"history/history.go:42","msg":"Successfully saved history data.","filename":"/home/tagilla/.config/ytui/watched_history.json","item_count":96}
{"level":"info","ts":1772778503.377787,"caller":"ui/menu.go:621","msg":"Playing selected video in MPV.","video_url":"https://www.youtube.com/watch?v=EbOKU3j23k0"}
{"level":"info","ts":1772778503.383816,"caller":"history/history.go:86","msg":"Successfully retrieved and processed watched videos.","count":96}
{"level":"info","ts":1772778503.3857682,"caller":"history/history.go:42","msg":"Successfully saved history data.","filename":"/home/tagilla/.config/ytui/watched_history.json","item_count":97}
{"level":"info","ts":1772778503.418278,"caller":"ui/menu.go:621","msg":"Playing selected video in MPV.","video_url":"https://www.youtube.com/watch?v=EbOKU3j23k0"}
{"level":"info","ts":1772778503.4216192,"caller":"history/history.go:86","msg":"Successfully retrieved and processed watched videos.","count":97}
{"level":"info","ts":1772778503.4230206,"caller":"history/history.go:42","msg":"Successfully saved history data.","filename":"/home/tagilla/.config/ytui/watched_history.json","item_count":98}
{"level":"info","ts":1772778503.4582438,"caller":"ui/menu.go:621","msg":"Playing selected video in MPV.","video_url":"https://www.youtube.com/watch?v=EbOKU3j23k0"}
{"level":"info","ts":1772778503.4677172,"caller":"history/history.go:86","msg":"Successfully retrieved and processed watched videos.","count":98}
{"level":"info","ts":1772778503.4704485,"caller":"history/history.go:42","msg":"Successfully saved history data.","filename":"/home/tagilla/.config/ytui/watched_history.json","item_count":99}
{"level":"info","ts":1772778503.4983165,"caller":"ui/menu.go:621","msg":"Playing selected video in MPV.","video_url":"https://www.youtube.com/watch?v=EbOKU3j23k0"}
{"level":"info","ts":1772778503.5031838,"caller":"history/history.go:86","msg":"Successfully retrieved and processed watched videos.","count":99}
{"level":"info","ts":1772778503.505434,"caller":"history/history.go:42","msg":"Successfully saved history data.","filename":"/home/tagilla/.config/ytui/watched_history.json","item_count":100}
{"level":"info","ts":1772778503.540275,"caller":"ui/menu.go:621","msg":"Playing selected video in MPV.","video_url":"https://www.youtube.com/watch?v=EbOKU3j23k0"}
{"level":"info","ts":1772778503.54694,"caller":"history/history.go:86","msg":"Successfully retrieved and processed watched videos.","count":100}
{"level":"info","ts":1772778503.5497255,"caller":"history/history.go:42","msg":"Successfully saved history data.","filename":"/home/tagilla/.config/ytui/watched_history.json","item_count":101}
{"level":"info","ts":1772778503.5782228,"caller":"ui/menu.go:621","msg":"Playing selected video in MPV.","video_url":"https://www.youtube.com/watch?v=EbOKU3j23k0"}
{"level":"info","ts":1772778503.5829866,"caller":"history/history.go:86","msg":"Successfully retrieved and processed watched videos.","count":101}
{"level":"info","ts":1772778503.585027,"caller":"history/history.go:42","msg":"Successfully saved history data.","filename":"/home/tagilla/.config/ytui/watched_history.json","item_count":102}
{"level":"info","ts":1772778503.6183171,"caller":"ui/menu.go:621","msg":"Playing selected video in MPV.","video_url":"https://www.youtube.com/watch?v=EbOKU3j23k0"}
{"level":"info","ts":1772778503.6231015,"caller":"history/history.go:86","msg":"Successfully retrieved and processed watched videos.","count":102}
{"level":"info","ts":1772778503.625502,"caller":"history/history.go:42","msg":"Successfully saved history data.","filename":"/home/tagilla/.config/ytui/watched_history.json","item_count":103}
{"level":"info","ts":1772778503.6608934,"caller":"ui/menu.go:621","msg":"Playing selected video in MPV.","video_url":"https://www.youtube.com/watch?v=EbOKU3j23k0"}
{"level":"info","ts":1772778503.6666305,"caller":"history/history.go:86","msg":"Successfully retrieved and processed watched videos.","count":103}
{"level":"info","ts":1772778503.6687887,"caller":"history/history.go:42","msg":"Successfully saved history data.","filename":"/home/tagilla/.config/ytui/watched_history.json","item_count":104}
{"level":"info","ts":1772778503.69803,"caller":"ui/menu.go:621","msg":"Playing selected video in MPV.","video_url":"https://www.youtube.com/watch?v=EbOKU3j23k0"}
{"level":"info","ts":1772778503.7068906,"caller":"history/history.go:86","msg":"Successfully retrieved and processed watched videos.","count":104}
{"level":"info","ts":1772778503.708827,"caller":"history/history.go:42","msg":"Successfully saved history data.","filename":"/home/tagilla/.config/ytui/watched_history.json","item_count":105}
{"level":"info","ts":1772778503.7380233,"caller":"ui/menu.go:621","msg":"Playing selected video in MPV.","video_url":"https://www.youtube.com/watch?v=EbOKU3j23k0"}
{"level":"info","ts":1772778503.7424762,"caller":"history/history.go:86","msg":"Successfully retrieved and processed watched videos.","count":105}
{"level":"info","ts":1772778503.7440956,"caller":"history/history.go:42","msg":"Successfully saved history data.","filename":"/home/tagilla/.config/ytui/watched_history.json","item_count":106}
{"level":"info","ts":1772778503.7781858,"caller":"ui/menu.go:621","msg":"Playing selected video in MPV.","video_url":"https://www.youtube.com/watch?v=EbOKU3j23k0"}
{"level":"info","ts":1772778503.7828572,"caller":"history/history.go:86","msg":"Successfully retrieved and processed watched videos.","count":106}
{"level":"info","ts":1772778503.7848344,"caller":"history/history.go:42","msg":"Successfully saved history data.","filename":"/home/tagilla/.config/ytui/watched_history.json","item_count":107}
{"level":"info","ts":1772778503.8182056,"caller":"ui/menu.go:621","msg":"Playing selected video in MPV.","video_url":"https://www.youtube.com/watch?v=EbOKU3j23k0"}
{"level":"info","ts":1772778503.8236108,"caller":"history/history.go:86","msg":"Successfully retrieved and processed watched videos.","count":107}
{"level":"info","ts":1772778503.8263981,"caller":"history/history.go:42","msg":"Successfully saved history data.","filename":"/home/tagilla/.config/ytui/watched_history.json","item_count":108}
{"level":"info","ts":1772778503.862019,"caller":"ui/menu.go:621","msg":"Playing selected video in MPV.","video_url":"https://www.youtube.com/watch?v=EbOKU3j23k0"}
{"level":"info","ts":1772778503.8674998,"caller":"history/history.go:86","msg":"Successfully retrieved and processed watched videos.","count":108}
{"level":"info","ts":1772778503.8697476,"caller":"history/history.go:42","msg":"Successfully saved history data.","filename":"/home/tagilla/.config/ytui/watched_history.json","item_count":109}
{"level":"info","ts":1772778503.8982434,"caller":"ui/menu.go:621","msg":"Playing selected video in MPV.","video_url":"https://www.youtube.com/watch?v=EbOKU3j23k0"}
{"level":"info","ts":1772778503.9042408,"caller":"history/history.go:86","msg":"Successfully retrieved and processed watched videos.","count":109}
{"level":"info","ts":1772778503.9070385,"caller":"history/history.go:42","msg":"Successfully saved history data.","filename":"/home/tagilla/.config/ytui/watched_history.json","item_count":110}
{"level":"info","ts":1772778503.9383862,"caller":"ui/menu.go:621","msg":"Playing selected video in MPV.","video_url":"https://www.youtube.com/watch?v=EbOKU3j23k0"}
{"level":"info","ts":1772778503.9424016,"caller":"history/history.go:86","msg":"Successfully retrieved and processed watched videos.","count":110}
{"level":"info","ts":1772778503.9460902,"caller":"history/history.go:42","msg":"Successfully saved history data.","filename":"/home/tagilla/.config/ytui/watched_history.json","item_count":111}
{"level":"info","ts":1772778503.9784493,"caller":"ui/menu.go:621","msg":"Playing selected video in MPV.","video_url":"https://www.youtube.com/watch?v=EbOKU3j23k0"}
{"level":"info","ts":1772778503.9836311,"caller":"history/history.go:86","msg":"Successfully retrieved and processed watched videos.","count":111}
{"level":"info","ts":1772778503.9858978,"caller":"history/history.go:42","msg":"Successfully saved history data.","filename":"/home/tagilla/.config/ytui/watched_history.json","item_count":112}
{"level":"info","ts":1772778504.0185945,"caller":"ui/menu.go:621","msg":"Playing selected video in MPV.","video_url":"https://www.youtube.com/watch?v=EbOKU3j23k0"}
{"level":"info","ts":1772778504.0231843,"caller":"history/history.go:86","msg":"Successfully retrieved and processed watched videos.","count":112}
{"level":"info","ts":1772778504.024861,"caller":"history/history.go:42","msg":"Successfully saved history data.","filename":"/home/tagilla/.config/ytui/watched_history.json","item_count":113}
{"level":"info","ts":1772778504.059886,"caller":"ui/menu.go:621","msg":"Playing selected video in MPV.","video_url":"https://www.youtube.com/watch?v=EbOKU3j23k0"}
{"level":"info","ts":1772778504.06583,"caller":"history/history.go:86","msg":"Successfully retrieved and processed watched videos.","count":113}
{"level":"info","ts":1772778504.0683427,"caller":"history/history.go:42","msg":"Successfully saved history data.","filename":"/home/tagilla/.config/ytui/watched_history.json","item_count":114}
{"level":"info","ts":1772778504.0987964,"caller":"ui/menu.go:621","msg":"Playing selected video in MPV.","video_url":"https://www.youtube.com/watch?v=EbOKU3j23k0"}
{"level":"info","ts":1772778504.104938,"caller":"history/history.go:86","msg":"Successfully retrieved and processed watched videos.","count":114}
{"level":"info","ts":1772778504.10792,"caller":"history/history.go:42","msg":"Successfully saved history data.","filename":"/home/tagilla/.config/ytui/watched_history.json","item_count":115}
{"level":"info","ts":1772778504.1376603,"caller":"ui/menu.go:621","msg":"Playing selected video in MPV.","video_url":"https://www.youtube.com/watch?v=EbOKU3j23k0"}
{"level":"info","ts":1772778504.1428645,"caller":"history/history.go:86","msg":"Successfully retrieved and processed watched videos.","count":115}
{"level":"info","ts":1772778504.1452298,"caller":"history/history.go:42","msg":"Successfully saved history data.","filename":"/home/tagilla/.config/ytui/watched_history.json","item_count":116}
{"level":"info","ts":1772778504.1792145,"caller":"ui/menu.go:621","msg":"Playing selected video in MPV.","video_url":"https://www.youtube.com/watch?v=EbOKU3j23k0"}
{"level":"info","ts":1772778504.186061,"caller":"history/history.go:86","msg":"Successfully retrieved and processed watched videos.","count":116}
{"level":"info","ts":1772778504.1886125,"caller":"history/history.go:42","msg":"Successfully saved history data.","filename":"/home/tagilla/.config/ytui/watched_history.json","item_count":117}
{"level":"info","ts":1772778504.21865,"caller":"ui/menu.go:621","msg":"Playing selected video in MPV.","video_url":"https://www.youtube.com/watch?v=EbOKU3j23k0"}
{"level":"info","ts":1772778504.2253132,"caller":"history/history.go:86","msg":"Successfully retrieved and processed watched videos.","count":117}
{"level":"info","ts":1772778504.2282827,"caller":"history/history.go:42","msg":"Successfully saved history data.","filename":"/home/tagilla/.config/ytui/watched_history.json","item_count":118}
{"level":"info","ts":1772778504.25886,"caller":"ui/menu.go:621","msg":"Playing selected video in MPV.","video_url":"https://www.youtube.com/watch?v=EbOKU3j23k0"}
{"level":"info","ts":1772778504.2647498,"caller":"history/history.go:86","msg":"Successfully retrieved and processed watched videos.","count":118}
{"level":"info","ts":1772778504.2673814,"caller":"history/history.go:42","msg":"Successfully saved history data.","filename":"/home/tagilla/.config/ytui/watched_history.json","item_count":119}
{"level":"info","ts":1772778504.2980502,"caller":"ui/menu.go:621","msg":"Playing selected video in MPV.","video_url":"https://www.youtube.com/watch?v=EbOKU3j23k0"}
{"level":"info","ts":1772778504.303756,"caller":"history/history.go:86","msg":"Successfully retrieved and processed watched videos.","count":119}
{"level":"info","ts":1772778504.3056648,"caller":"history/history.go:42","msg":"Successfully saved history data.","filename":"/home/tagilla/.config/ytui/watched_history.json","item_count":120}
{"level":"info","ts":1772778504.3385615,"caller":"ui/menu.go:621","msg":"Playing selected video in MPV.","video_url":"https://www.youtube.com/watch?v=EbOKU3j23k0"}
{"level":"info","ts":1772778504.3432283,"caller":"history/history.go:86","msg":"Successfully retrieved and processed watched videos.","count":120}
{"level":"info","ts":1772778504.3447285,"caller":"history/history.go:42","msg":"Successfully saved history data.","filename":"/home/tagilla/.config/ytui/watched_history.json","item_count":121}
{"level":"info","ts":1772778504.378181,"caller":"ui/menu.go:621","msg":"Playing selected video in MPV.","video_url":"https://www.youtube.com/watch?v=EbOKU3j23k0"}
{"level":"info","ts":1772778504.384222,"caller":"history/history.go:86","msg":"Successfully retrieved and processed watched videos.","count":121}
{"level":"info","ts":1772778504.385824,"caller":"history/history.go:42","msg":"Successfully saved history data.","filename":"/home/tagilla/.config/ytui/watched_history.json","item_count":122}
{"level":"info","ts":1772778504.4183345,"caller":"ui/menu.go:621","msg":"Playing selected video in MPV.","video_url":"https://www.youtube.com/watch?v=EbOKU3j23k0"}
{"level":"info","ts":1772778504.4222617,"caller":"history/history.go:86","msg":"Successfully retrieved and processed watched videos.","count":122}
{"level":"info","ts":1772778504.4252014,"caller":"history/history.go:42","msg":"Successfully saved history data.","filename":"/home/tagilla/.config/ytui/watched_history.json","item_count":123}
{"level":"info","ts":1772778504.4587822,"caller":"ui/menu.go:621","msg":"Playing selected video in MPV.","video_url":"https://www.youtube.com/watch?v=EbOKU3j23k0"}
{"level":"info","ts":1772778504.4647532,"caller":"history/history.go:86","msg":"Successfully retrieved and processed watched videos.","count":123}
{"level":"info","ts":1772778504.4672897,"caller":"history/history.go:42","msg":"Successfully saved history data.","filename":"/home/tagilla/.config/ytui/watched_history.json","item_count":124}
{"level":"info","ts":1772778507.2503593,"caller":"ui/menu.go:621","msg":"Playing selected video in MPV.","video_url":"https://www.youtube.com/watch?v=fM8P8ukOTN4"}
{"level":"info","ts":1772778507.2616835,"caller":"history/history.go:86","msg":"Successfully retrieved and processed watched videos.","count":124}
{"level":"info","ts":1772778507.2636867,"caller":"history/history.go:42","msg":"Successfully saved history data.","filename":"/home/tagilla/.config/ytui/watched_history.json","item_count":125}
{"level":"info","ts":1772778508.396282,"caller":"ui/menu.go:621","msg":"Playing selected video in MPV.","video_url":"https://www.youtube.com/watch?v=DZBOpcLQaHM"}
{"level":"info","ts":1772778508.401532,"caller":"history/history.go:86","msg":"Successfully retrieved and processed watched videos.","count":125}
{"level":"info","ts":1772778508.4033058,"caller":"history/history.go:42","msg":"Successfully saved history data.","filename":"/home/tagilla/.config/ytui/watched_history.json","item_count":126}
{"level":"info","ts":1772778509.5153134,"caller":"ui/menu.go:621","msg":"Playing selected video in MPV.","video_url":"https://www.youtube.com/watch?v=DZBOpcLQaHM"}
{"level":"info","ts":1772778509.5211961,"caller":"history/history.go:86","msg":"Successfully retrieved and processed watched videos.","count":126}
{"level":"info","ts":1772778509.523065,"caller":"history/history.go:42","msg":"Successfully saved history data.","filename":"/home/tagilla/.config/ytui/watched_history.json","item_count":127}
{"level":"info","ts":1772778510.155575,"caller":"ui/menu.go:621","msg":"Playing selected video in MPV.","video_url":"https://www.youtube.com/watch?v=s4Gvqx-BCiw"}
{"level":"info","ts":1772778510.1619213,"caller":"history/history.go:86","msg":"Successfully retrieved and processed watched videos.","count":127}
{"level":"info","ts":1772778510.1639707,"caller":"history/history.go:42","msg":"Successfully saved history data.","filename":"/home/tagilla/.config/ytui/watched_history.json","item_count":128}
{"level":"info","ts":1772778510.5254204,"caller":"ui/menu.go:621","msg":"Playing selected video in MPV.","video_url":"https://www.youtube.com/watch?v=s4Gvqx-BCiw"}
{"level":"info","ts":1772778510.5329742,"caller":"history/history.go:86","msg":"Successfully retrieved and processed watched videos.","count":128}
{"level":"info","ts":1772778510.5344927,"caller":"history/history.go:42","msg":"Successfully saved history data.","filename":"/home/tagilla/.config/ytui/watched_history.json","item_count":129}
{"level":"info","ts":1772778510.7346323,"caller":"ui/menu.go:621","msg":"Playing selected video in MPV.","video_url":"https://www.youtube.com/watch?v=s4Gvqx-BCiw"}
{"level":"info","ts":1772778510.7417455,"caller":"history/history.go:86","msg":"Successfully retrieved and processed watched videos.","count":129}
{"level":"info","ts":1772778510.7433107,"caller":"history/history.go:42","msg":"Successfully saved history data.","filename":"/home/tagilla/.config/ytui/watched_history.json","item_count":130}
{"level":"info","ts":1772778510.901485,"caller":"ui/menu.go:621","msg":"Playing selected video in MPV.","video_url":"https://www.youtube.com/watch?v=s4Gvqx-BCiw"}
{"level":"info","ts":1772778510.9078994,"caller":"history/history.go:86","msg":"Successfully retrieved and processed watched videos.","count":130}
{"level":"info","ts":1772778510.9095702,"caller":"history/history.go:42","msg":"Successfully saved history data.","filename":"/home/tagilla/.config/ytui/watched_history.json","item_count":131}
{"level":"info","ts":1772778511.0694382,"caller":"ui/menu.go:621","msg":"Playing selected video in MPV.","video_url":"https://www.youtube.com/watch?v=s4Gvqx-BCiw"}
{"level":"info","ts":1772778511.07502,"caller":"history/history.go:86","msg":"Successfully retrieved and processed watched videos.","count":131}
{"level":"info","ts":1772778511.0765166,"caller":"history/history.go:42","msg":"Successfully saved history data.","filename":"/home/tagilla/.config/ytui/watched_history.json","item_count":132}
{"level":"info","ts":1772778511.2575805,"caller":"ui/menu.go:621","msg":"Playing selected video in MPV.","video_url":"https://www.youtube.com/watch?v=s4Gvqx-BCiw"}
{"level":"info","ts":1772778511.2656767,"caller":"history/history.go:86","msg":"Successfully retrieved and processed watched videos.","count":132}
{"level":"info","ts":1772778511.2686903,"caller":"history/history.go:42","msg":"Successfully saved history data.","filename":"/home/tagilla/.config/ytui/watched_history.json","item_count":133}
{"level":"info","ts":1772810175.8112295,"caller":"cmd/root.go:92","msg":"Initialized configuration."}
{"level":"info","ts":1773055921.519994,"caller":"cmd/root.go:92","msg":"Initialized configuration."}
{"level":"info","ts":1774668126.6808712,"caller":"cmd/root.go:92","msg":"Initialized configuration."}
{"level":"info","ts":1774668147.9764345,"caller":"ui/menu.go:621","msg":"Playing selected video in MPV.","video_url":"https://www.youtube.com/watch?v=VaOKg0iuOPk"}
{"level":"info","ts":1774668154.2106338,"caller":"history/history.go:86","msg":"Successfully retrieved and processed watched videos.","count":133}
{"level":"info","ts":1774668154.2130096,"caller":"history/history.go:42","msg":"Successfully saved history data.","filename":"/home/tagilla/.config/ytui/watched_history.json","item_count":134}
{"level":"info","ts":1774668161.7902696,"caller":"ui/menu.go:621","msg":"Playing selected video in MPV.","video_url":"https://www.youtube.com/watch?v=BshxCIjNEjY"}
{"level":"info","ts":1774668414.567219,"caller":"history/history.go:86","msg":"Successfully retrieved and processed watched videos.","count":134}
{"level":"info","ts":1774668414.5691147,"caller":"history/history.go:42","msg":"Successfully saved history data.","filename":"/home/tagilla/.config/ytui/watched_history.json","item_count":135}
{"level":"info","ts":1777754973.1374831,"caller":"cmd/root.go:92","msg":"Initialized configuration."}
{"level":"info","ts":1778289243.5555553,"caller":"cmd/root.go:92","msg":"Initialized configuration."}
